# JRE version: OpenJDK Runtime Environment 18.9 (11.0.8+10) (build 11.0.8+10)
# Java VM: OpenJDK 64-Bit Server VM 18.9 (11.0.8+10, mixed mode, tiered, compressed oops, parallel gc, windows-amd64)
Heap:
 PSYoungGen      total 37888K, used 24841K [0x00000000eab00000, 0x00000000eeb00000, 0x0000000100000000)
  eden space 24064K, 47% used [0x00000000eab00000,0x00000000eb62a3e8,0x00000000ec280000)
  from space 13824K, 96% used [0x00000000edd80000,0x00000000eea98148,0x00000000eeb00000)
  to   space 17408K, 0% used [0x00000000ec900000,0x00000000ec900000,0x00000000eda00000)
 ParOldGen       total 699392K, used 154173K [0x00000000c0000000, 0x00000000eab00000, 0x00000000eab00000)
  object space 699392K, 22% used [0x00000000c0000000,0x00000000c968f6e0,0x00000000eab00000)
 Metaspace       used 68191K, capacity 71524K, committed 71680K, reserved 1112064K
  class space    used 6832K, capacity 8081K, committed 8192K, reserved 1048576K
GC Heap History (20 events):
Event: 202.605 GC heap before
{Heap before GC invocations=403 (full 353):
 PSYoungGen      total 33792K, used 23551K [0x00000000eab00000, 0x00000000ed680000, 0x0000000100000000)
  eden space 23552K, 99% used [0x00000000eab00000,0x00000000ec1fffb0,0x00000000ec200000)
  from space 10240K, 0% used [0x00000000ec200000,0x00000000ec200000,0x00000000ecc00000)
  to   space 9728K, 0% used [0x00000000ecd00000,0x00000000ecd00000,0x00000000ed680000)
 ParOldGen       total 140288K, used 140007K [0x00000000c0000000, 0x00000000c8900000, 0x00000000eab00000)
  object space 140288K, 99% used [0x00000000c0000000,0x00000000c88b9c10,0x00000000c8900000)
 Metaspace       used 68039K, capacity 71425K, committed 71552K, reserved 1112064K
  class space    used 6827K, capacity 8048K, committed 8064K, reserved 1048576K
}
Event: 202.893 GC heap after
{Heap after GC invocations=403 (full 353):
 PSYoungGen      total 33280K, used 23551K [0x00000000eab00000, 0x00000000ed680000, 0x0000000100000000)
  eden space 23552K, 99% used [0x00000000eab00000,0x00000000ec1fffb0,0x00000000ec200000)
  from space 9728K, 0% used [0x00000000ecd00000,0x00000000ecd00000,0x00000000ed680000)
  to   space 10240K, 0% used [0x00000000ec200000,0x00000000ec200000,0x00000000ecc00000)
 ParOldGen       total 140288K, used 140007K [0x00000000c0000000, 0x00000000c8900000, 0x00000000eab00000)
  object space 140288K, 99% used [0x00000000c0000000,0x00000000c88b9c10,0x00000000c8900000)
 Metaspace       used 68039K, capacity 71425K, committed 71552K, reserved 1112064K
  class space    used 6827K, capacity 8048K, committed 8064K, reserved 1048576K
}
Event: 202.895 GC heap before
{Heap before GC invocations=404 (full 354):
 PSYoungGen      total 33280K, used 23552K [0x00000000eab00000, 0x00000000ed680000, 0x0000000100000000)
  eden space 23552K, 100% used [0x00000000eab00000,0x00000000ec200000,0x00000000ec200000)
  from space 9728K, 0% used [0x00000000ecd00000,0x00000000ecd00000,0x00000000ed680000)
  to   space 10240K, 0% used [0x00000000ec200000,0x00000000ec200000,0x00000000ecc00000)
 ParOldGen       total 140288K, used 140009K [0x00000000c0000000, 0x00000000c8900000, 0x00000000eab00000)
  object space 140288K, 99% used [0x00000000c0000000,0x00000000c88ba498,0x00000000c8900000)
 Metaspace       used 68039K, capacity 71425K, committed 71552K, reserved 1112064K
  class space    used 6827K, capacity 8048K, committed 8064K, reserved 1048576K
}
Event: 203.261 GC heap after
{Heap after GC invocations=404 (full 354):
 PSYoungGen      total 33792K, used 23551K [0x00000000eab00000, 0x00000000ed680000, 0x0000000100000000)
  eden space 23552K, 99% used [0x00000000eab00000,0x00000000ec1ffe78,0x00000000ec200000)
  from space 10240K, 0% used [0x00000000ec200000,0x00000000ec200000,0x00000000ecc00000)
  to   space 9728K, 0% used [0x00000000ecd00000,0x00000000ecd00000,0x00000000ed680000)
 ParOldGen       total 140288K, used 139983K [0x00000000c0000000, 0x00000000c8900000, 0x00000000eab00000)
  object space 140288K, 99% used [0x00000000c0000000,0x00000000c88b3cf0,0x00000000c8900000)
 Metaspace       used 68039K, capacity 71425K, committed 71552K, reserved 1112064K
  class space    used 6827K, capacity 8048K, committed 8064K, reserved 1048576K
}
Event: 203.261 GC heap before
{Heap before GC invocations=405 (full 355):
 PSYoungGen      total 33792K, used 23551K [0x00000000eab00000, 0x00000000ed680000, 0x0000000100000000)
  eden space 23552K, 99% used [0x00000000eab00000,0x00000000ec1fffd0,0x00000000ec200000)
  from space 10240K, 0% used [0x00000000ec200000,0x00000000ec200000,0x00000000ecc00000)
  to   space 9728K, 0% used [0x00000000ecd00000,0x00000000ecd00000,0x00000000ed680000)
 ParOldGen       total 140288K, used 139983K [0x00000000c0000000, 0x00000000c8900000, 0x00000000eab00000)
  object space 140288K, 99% used [0x00000000c0000000,0x00000000c88b3cf0,0x00000000c8900000)
 Metaspace       used 68039K, capacity 71425K, committed 71552K, reserved 1112064K
  class space    used 6827K, capacity 8048K, committed 8064K, reserved 1048576K
}
Event: 203.538 GC heap after
{Heap after GC invocations=405 (full 355):
 PSYoungGen      total 33280K, used 23551K [0x00000000eab00000, 0x00000000ed680000, 0x0000000100000000)
  eden space 23552K, 99% used [0x00000000eab00000,0x00000000ec1fff88,0x00000000ec200000)
  from space 9728K, 0% used [0x00000000ecd00000,0x00000000ecd00000,0x00000000ed680000)
  to   space 10240K, 0% used [0x00000000ec200000,0x00000000ec200000,0x00000000ecc00000)
 ParOldGen       total 140288K, used 139982K [0x00000000c0000000, 0x00000000c8900000, 0x00000000eab00000)
  object space 140288K, 99% used [0x00000000c0000000,0x00000000c88b3ad8,0x00000000c8900000)
 Metaspace       used 68039K, capacity 71425K, committed 71552K, reserved 1112064K
  class space    used 6827K, capacity 8048K, committed 8064K, reserved 1048576K
}
Event: 203.539 GC heap before
{Heap before GC invocations=406 (full 356):
 PSYoungGen      total 33280K, used 23552K [0x00000000eab00000, 0x00000000ed680000, 0x0000000100000000)
  eden space 23552K, 100% used [0x00000000eab00000,0x00000000ec200000,0x00000000ec200000)
  from space 9728K, 0% used [0x00000000ecd00000,0x00000000ecd00000,0x00000000ed680000)
  to   space 10240K, 0% used [0x00000000ec200000,0x00000000ec200000,0x00000000ecc00000)
 ParOldGen       total 140288K, used 139988K [0x00000000c0000000, 0x00000000c8900000, 0x00000000eab00000)
  object space 140288K, 99% used [0x00000000c0000000,0x00000000c88b5148,0x00000000c8900000)
 Metaspace       used 68039K, capacity 71425K, committed 71552K, reserved 1112064K
  class space    used 6827K, capacity 8048K, committed 8064K, reserved 1048576K
}
Event: 203.931 GC heap after
{Heap after GC invocations=406 (full 356):
 PSYoungGen      total 33792K, used 23551K [0x00000000eab00000, 0x00000000ed680000, 0x0000000100000000)
  eden space 23552K, 99% used [0x00000000eab00000,0x00000000ec1fff40,0x00000000ec200000)
  from space 10240K, 0% used [0x00000000ec200000,0x00000000ec200000,0x00000000ecc00000)
  to   space 9728K, 0% used [0x00000000ecd00000,0x00000000ecd00000,0x00000000ed680000)
 ParOldGen       total 140288K, used 139984K [0x00000000c0000000, 0x00000000c8900000, 0x00000000eab00000)
  object space 140288K, 99% used [0x00000000c0000000,0x00000000c88b43c8,0x00000000c8900000)
 Metaspace       used 68039K, capacity 71425K, committed 71552K, reserved 1112064K
  class space    used 6827K, capacity 8048K, committed 8064K, reserved 1048576K
}
Event: 203.932 GC heap before
{Heap before GC invocations=407 (full 357):
 PSYoungGen      total 33792K, used 23551K [0x00000000eab00000, 0x00000000ed680000, 0x0000000100000000)
  eden space 23552K, 99% used [0x00000000eab00000,0x00000000ec1fff58,0x00000000ec200000)
  from space 10240K, 0% used [0x00000000ec200000,0x00000000ec200000,0x00000000ecc00000)
  to   space 9728K, 0% used [0x00000000ecd00000,0x00000000ecd00000,0x00000000ed680000)
 ParOldGen       total 140288K, used 139984K [0x00000000c0000000, 0x00000000c8900000, 0x00000000eab00000)
  object space 140288K, 99% used [0x00000000c0000000,0x00000000c88b43c8,0x00000000c8900000)
 Metaspace       used 68039K, capacity 71425K, committed 71552K, reserved 1112064K
  class space    used 6827K, capacity 8048K, committed 8064K, reserved 1048576K
}
Event: 204.221 GC heap after
{Heap after GC invocations=407 (full 357):
 PSYoungGen      total 33280K, used 23551K [0x00000000eab00000, 0x00000000ed680000, 0x0000000100000000)
  eden space 23552K, 99% used [0x00000000eab00000,0x00000000ec1fff58,0x00000000ec200000)
  from space 9728K, 0% used [0x00000000ecd00000,0x00000000ecd00000,0x00000000ed680000)
  to   space 10240K, 0% used [0x00000000ec200000,0x00000000ec200000,0x00000000ecc00000)
 ParOldGen       total 140288K, used 139984K [0x00000000c0000000, 0x00000000c8900000, 0x00000000eab00000)
  object space 140288K, 99% used [0x00000000c0000000,0x00000000c88b43c8,0x00000000c8900000)
 Metaspace       used 68039K, capacity 71425K, committed 71552K, reserved 1112064K
  class space    used 6827K, capacity 8048K, committed 8064K, reserved 1048576K
}
Event: 204.222 GC heap before
{Heap before GC invocations=408 (full 358):
 PSYoungGen      total 33280K, used 23552K [0x00000000eab00000, 0x00000000ed680000, 0x0000000100000000)
  eden space 23552K, 100% used [0x00000000eab00000,0x00000000ec200000,0x00000000ec200000)
  from space 9728K, 0% used [0x00000000ecd00000,0x00000000ecd00000,0x00000000ed680000)
  to   space 10240K, 0% used [0x00000000ec200000,0x00000000ec200000,0x00000000ecc00000)
 ParOldGen       total 140288K, used 139988K [0x00000000c0000000, 0x00000000c8900000, 0x00000000eab00000)
  object space 140288K, 99% used [0x00000000c0000000,0x00000000c88b50c8,0x00000000c8900000)
 Metaspace       used 68039K, capacity 71425K, committed 71552K, reserved 1112064K
  class space    used 6827K, capacity 8048K, committed 8064K, reserved 1048576K
}
Event: 204.465 GC heap after
{Heap after GC invocations=408 (full 358):
 PSYoungGen      total 33792K, used 23551K [0x00000000eab00000, 0x00000000ed680000, 0x0000000100000000)
  eden space 23552K, 99% used [0x00000000eab00000,0x00000000ec1fff78,0x00000000ec200000)
  from space 10240K, 0% used [0x00000000ec200000,0x00000000ec200000,0x00000000ecc00000)
  to   space 9728K, 0% used [0x00000000ecd00000,0x00000000ecd00000,0x00000000ed680000)
 ParOldGen       total 140288K, used 139986K [0x00000000c0000000, 0x00000000c8900000, 0x00000000eab00000)
  object space 140288K, 99% used [0x00000000c0000000,0x00000000c88b4850,0x00000000c8900000)
 Metaspace       used 68039K, capacity 71425K, committed 71552K, reserved 1112064K
  class space    used 6827K, capacity 8048K, committed 8064K, reserved 1048576K
}
Event: 204.465 GC heap before
{Heap before GC invocations=409 (full 359):
 PSYoungGen      total 33792K, used 23551K [0x00000000eab00000, 0x00000000ed680000, 0x0000000100000000)
  eden space 23552K, 99% used [0x00000000eab00000,0x00000000ec1fffe8,0x00000000ec200000)
  from space 10240K, 0% used [0x00000000ec200000,0x00000000ec200000,0x00000000ecc00000)
  to   space 9728K, 0% used [0x00000000ecd00000,0x00000000ecd00000,0x00000000ed680000)
 ParOldGen       total 140288K, used 139986K [0x00000000c0000000, 0x00000000c8900000, 0x00000000eab00000)
  object space 140288K, 99% used [0x00000000c0000000,0x00000000c88b4850,0x00000000c8900000)
 Metaspace       used 68039K, capacity 71425K, committed 71552K, reserved 1112064K
  class space    used 6827K, capacity 8048K, committed 8064K, reserved 1048576K
}
Event: 204.663 GC heap after
{Heap after GC invocations=409 (full 359):
 PSYoungGen      total 33280K, used 23551K [0x00000000eab00000, 0x00000000ed680000, 0x0000000100000000)
  eden space 23552K, 99% used [0x00000000eab00000,0x00000000ec1fff90,0x00000000ec200000)
  from space 9728K, 0% used [0x00000000ecd00000,0x00000000ecd00000,0x00000000ed680000)
  to   space 10240K, 0% used [0x00000000ec200000,0x00000000ec200000,0x00000000ecc00000)
 ParOldGen       total 140288K, used 139986K [0x00000000c0000000, 0x00000000c8900000, 0x00000000eab00000)
  object space 140288K, 99% used [0x00000000c0000000,0x00000000c88b4838,0x00000000c8900000)
 Metaspace       used 68039K, capacity 71425K, committed 71552K, reserved 1112064K
  class space    used 6827K, capacity 8048K, committed 8064K, reserved 1048576K
}
Event: 204.663 GC heap before
{Heap before GC invocations=410 (full 360):
 PSYoungGen      total 33280K, used 23551K [0x00000000eab00000, 0x00000000ed680000, 0x0000000100000000)
  eden space 23552K, 99% used [0x00000000eab00000,0x00000000ec1ffff0,0x00000000ec200000)
  from space 9728K, 0% used [0x00000000ecd00000,0x00000000ecd00000,0x00000000ed680000)
  to   space 10240K, 0% used [0x00000000ec200000,0x00000000ec200000,0x00000000ecc00000)
 ParOldGen       total 140288K, used 139986K [0x00000000c0000000, 0x00000000c8900000, 0x00000000eab00000)
  object space 140288K, 99% used [0x00000000c0000000,0x00000000c88b4838,0x00000000c8900000)
 Metaspace       used 68039K, capacity 71425K, committed 71552K, reserved 1112064K
  class space    used 6827K, capacity 8048K, committed 8064K, reserved 1048576K
}
Event: 204.845 GC heap after
{Heap after GC invocations=410 (full 360):
 PSYoungGen      total 33792K, used 23551K [0x00000000eab00000, 0x00000000ed680000, 0x0000000100000000)
  eden space 23552K, 99% used [0x00000000eab00000,0x00000000ec1fffc8,0x00000000ec200000)
  from space 10240K, 0% used [0x00000000ec200000,0x00000000ec200000,0x00000000ecc00000)
  to   space 9728K, 0% used [0x00000000ecd00000,0x00000000ecd00000,0x00000000ed680000)
 ParOldGen       total 140288K, used 139986K [0x00000000c0000000, 0x00000000c8900000, 0x00000000eab00000)
  object space 140288K, 99% used [0x00000000c0000000,0x00000000c88b4838,0x00000000c8900000)
 Metaspace       used 68039K, capacity 71425K, committed 71552K, reserved 1112064K
  class space    used 6827K, capacity 8048K, committed 8064K, reserved 1048576K
}
Event: 204.846 GC heap before
{Heap before GC invocations=411 (full 361):
 PSYoungGen      total 33792K, used 23551K [0x00000000eab00000, 0x00000000ed680000, 0x0000000100000000)
  eden space 23552K, 99% used [0x00000000eab00000,0x00000000ec1ffff0,0x00000000ec200000)
  from space 10240K, 0% used [0x00000000ec200000,0x00000000ec200000,0x00000000ecc00000)
  to   space 9728K, 0% used [0x00000000ecd00000,0x00000000ecd00000,0x00000000ed680000)
 ParOldGen       total 140288K, used 139986K [0x00000000c0000000, 0x00000000c8900000, 0x00000000eab00000)
  object space 140288K, 99% used [0x00000000c0000000,0x00000000c88b4838,0x00000000c8900000)
 Metaspace       used 68039K, capacity 71425K, committed 71552K, reserved 1112064K
  class space    used 6827K, capacity 8048K, committed 8064K, reserved 1048576K
}
Event: 205.122 GC heap after
{Heap after GC invocations=411 (full 361):
 PSYoungGen      total 33280K, used 23551K [0x00000000eab00000, 0x00000000ed680000, 0x0000000100000000)
  eden space 23552K, 99% used [0x00000000eab00000,0x00000000ec1ffff0,0x00000000ec200000)
  from space 9728K, 0% used [0x00000000ecd00000,0x00000000ecd00000,0x00000000ed680000)
  to   space 10240K, 0% used [0x00000000ec200000,0x00000000ec200000,0x00000000ecc00000)
 ParOldGen       total 699392K, used 139986K [0x00000000c0000000, 0x00000000eab00000, 0x00000000eab00000)
  object space 699392K, 20% used [0x00000000c0000000,0x00000000c88b4838,0x00000000eab00000)
 Metaspace       used 68039K, capacity 71425K, committed 71552K, reserved 1112064K
  class space    used 6827K, capacity 8048K, committed 8064K, reserved 1048576K
}
Event: 205.123 GC heap before
{Heap before GC invocations=412 (full 361):
 PSYoungGen      total 33280K, used 23552K [0x00000000eab00000, 0x00000000ed680000, 0x0000000100000000)
  eden space 23552K, 100% used [0x00000000eab00000,0x00000000ec200000,0x00000000ec200000)
  from space 9728K, 0% used [0x00000000ecd00000,0x00000000ecd00000,0x00000000ed680000)
  to   space 10240K, 0% used [0x00000000ec200000,0x00000000ec200000,0x00000000ecc00000)
 ParOldGen       total 699392K, used 139988K [0x00000000c0000000, 0x00000000eab00000, 0x00000000eab00000)
  object space 699392K, 20% used [0x00000000c0000000,0x00000000c88b53b0,0x00000000eab00000)
 Metaspace       used 68039K, capacity 71425K, committed 71552K, reserved 1112064K
  class space    used 6827K, capacity 8048K, committed 8064K, reserved 1048576K
}
Event: 205.169 GC heap after
{Heap after GC invocations=412 (full 361):
 PSYoungGen      total 33792K, used 10225K [0x00000000eab00000, 0x00000000ef880000, 0x0000000100000000)
  eden space 23552K, 0% used [0x00000000eab00000,0x00000000eab00000,0x00000000ec200000)
  from space 10240K, 99% used [0x00000000ec200000,0x00000000ecbfc428,0x00000000ecc00000)
  to   space 27648K, 0% used [0x00000000edd80000,0x00000000edd80000,0x00000000ef880000)
 ParOldGen       total 699392K, used 154165K [0x00000000c0000000, 0x00000000eab00000, 0x00000000eab00000)
  object space 699392K, 22% used [0x00000000c0000000,0x00000000c968d6e0,0x00000000eab00000)
 Metaspace       used 68039K, capacity 71425K, committed 71552K, reserved 1112064K
  class space    used 6827K, capacity 8048K, committed 8064K, reserved 1048576K
}

